[15:49:19] [ServerMain/INFO]: Environment: authHost='https://authserver.mojang.com', accountsHost='https://api.mojang.com', sessionHost='https://sessionserver.mojang.com', servicesHost='https://api.minecraftservices.com', name='PROD'
[15:49:19] [ServerMain/INFO]: Loaded 7 recipes
[15:49:20] [Server thread/INFO]: Starting minecraft server version 1.20.1
[15:49:20] [Server thread/INFO]: Loading properties
[15:49:20] [Server thread/INFO]: This server is running Paper version git-Paper-100 (MC: 1.20.1) (Implementing API version 1.20.1-R0.1-SNAPSHOT) (Git: f402f89)
[15:49:20] [Server thread/INFO]: Using 4 threads for Netty based IO
[15:49:20] [Server thread/INFO]: Server Ping Player Sample Count: 12
[15:49:20] [Server thread/WARN]: [!] The timings profiler has been enabled but has been scheduled for removal from Paper in the future.
    We recommend installing the spark profiler as a replacement: https://spark.lucko.me/
    For more information please visit: https://github.com/PaperMC/Paper/issues/8948
[15:49:20] [Server thread/INFO]: [ChunkTaskScheduler] Chunk system is using 1 I/O threads, 3 worker threads, and gen parallelism of 3 threads
[15:49:20] [Server thread/INFO]: Default game type: SURVIVAL
[15:49:20] [Server thread/INFO]: Generating keypair
[15:49:20] [Server thread/INFO]: Starting Minecraft server on *:25565
[15:49:20] [Server thread/INFO]: Using default channel type
[15:49:20] [Server thread/INFO]: Paper: Using libdeflate (macOS ARM64 / Apple Silicon) compression from Velocity.
[15:49:20] [Server thread/INFO]: Paper: Using native (macOS ARM64 / Apple Silicon) cipher from Velocity.
[15:49:20] [Server thread/INFO]: [SpigotLibraryLoader] [DTWT] Loading 1 libraries... please wait
[15:49:20] [Server thread/INFO]: [SpigotLibraryLoader] [DTWT] Loaded library /Users/nanami/Developer/donttapwhitetile/server/libraries/org/jetbrains/kotlin/kotlin-stdlib/1.9.0/kotlin-stdlib-1.9.0.jar
[15:49:20] [Server thread/INFO]: [SpigotLibraryLoader] [DTWT] Loaded library /Users/nanami/Developer/donttapwhitetile/server/libraries/org/jetbrains/kotlin/kotlin-stdlib-common/1.9.0/kotlin-stdlib-common-1.9.0.jar
[15:49:20] [Server thread/INFO]: [SpigotLibraryLoader] [DTWT] Loaded library /Users/nanami/Developer/donttapwhitetile/server/libraries/org/jetbrains/annotations/13.0/annotations-13.0.jar
[15:49:20] [Server thread/INFO]: [DTWT] Loading server plugin DTWT v1.0-SNAPSHOT
[15:49:20] [Server thread/INFO]: Server permissions file permissions.yml is empty, ignoring it
[15:49:20] [Server thread/WARN]: **** SERVER IS RUNNING IN OFFLINE/INSECURE MODE!
[15:49:20] [Server thread/WARN]: The server will make no attempt to authenticate usernames. Beware.
[15:49:20] [Server thread/WARN]: While this makes the game possible to play without internet access, it also opens up the ability for hackers to connect with any username they choose.
[15:49:20] [Server thread/WARN]: To change this, set "online-mode" to "true" in the server.properties file.
[15:49:20] [Server thread/INFO]: Preparing level "world"
[15:49:20] [Server thread/INFO]: Preparing start region for dimension minecraft:overworld
[15:49:20] [Server thread/INFO]: Time elapsed: 120 ms
[15:49:20] [Server thread/INFO]: Preparing start region for dimension minecraft:the_nether
[15:49:20] [Server thread/INFO]: Time elapsed: 18 ms
[15:49:20] [Server thread/INFO]: Preparing start region for dimension minecraft:the_end
[15:49:20] [Server thread/INFO]: Time elapsed: 19 ms
[15:49:20] [Server thread/INFO]: [DTWT] Enabling DTWT v1.0-SNAPSHOT
[15:49:20] [Server thread/INFO]: [DTWT]  enabled.
[15:49:21] [Server thread/INFO]: Running delayed init tasks
[15:49:21] [Server thread/INFO]: Done (1.403s)! For help, type "help"
[15:49:21] [Server thread/INFO]: Timings Reset
[15:50:23] [Server thread/INFO]: Made Player1 a server operator
[15:50:26] [User Authenticator #0/INFO]: UUID of player Player1 is 681f539b-8bb8-3f85-85e5-a2945f6c6539
[15:50:26] [Server thread/INFO]: Player1 joined the game
[15:50:26] [Server thread/INFO]: Player1[/127.0.0.1:61151] logged in with entity id 93 at ([world]-157.06419064767638, 63.0, -267.2970128570492)
[15:50:28] [User Authenticator #0/INFO]: UUID of player 222 is 570b3811-97e2-327f-9608-18109f72aac6
[15:50:28] [Server thread/INFO]: 222 joined the game
[15:50:28] [Server thread/INFO]: 222[/127.0.0.1:61170] logged in with entity id 166 at ([world]-7.5, 64.0, 3.5)
[15:50:51] [Server thread/INFO]: Made 222 a server operator
[15:50:57] [Server thread/INFO]: 222 issued server command: /gamemode creative
[15:50:57] [Server thread/INFO]: [222: Set own game mode to Creative Mode]
[15:51:00] [Server thread/INFO]: 222 issued server command: /tp Player1
[15:51:00] [Server thread/INFO]: [222: Teleported 222 to Player1]
[15:51:00] [Server thread/WARN]: 222 moved too quickly! -147.91139212675466,-1.0,-278.00056213971635
[15:51:00] [Server thread/WARN]: 222 moved too quickly! -147.91139212675466,-1.0,-278.00056213971635
[15:51:00] [Server thread/WARN]: 222 moved too quickly! -147.91139212675466,-1.0,-278.00056213971635
[15:51:11] [Server thread/INFO]: 222 issued server command: /gamemode survival
[15:51:11] [Server thread/INFO]: [222: Set own game mode to Survival Mode]
[15:51:13] [Server thread/INFO]: 222 issued server command: /dtwt set
[15:51:27] [Async Chat Thread - #1/INFO]: [Not Secure] <222> 1
[15:51:32] [Server thread/INFO]: 222 issued server command: /dtwt cancel
[15:51:34] [Server thread/INFO]: 222 issued server command: /dtwt set
[15:51:40] [Server thread/INFO]: Player1 issued server command: /dtwt set
[15:51:53] [Server thread/INFO]: Player1 issued server command: /dtwt cancel
[15:56:09] [Server thread/INFO]: 222 issued server command: /dtwt set
[15:56:13] [Server thread/INFO]: 222 issued server command: /dtwt cancel
[15:57:03] [Server thread/INFO]: 222 issued server command: /gamemode
[15:57:07] [Server thread/INFO]: 222 issued server command: /gamemode creative
[15:57:07] [Server thread/INFO]: [222: Set own game mode to Creative Mode]
[15:59:08] [Server thread/INFO]: 222 issued server command: /reload confiem
[15:59:08] [Server thread/INFO]: 222: Usage: /reload [permissions|commands|confirm]
[15:59:11] [Server thread/INFO]: 222 issued server command: /reload confirm
[15:59:11] [Server thread/INFO]: 222: Please note that this command is not supported and may cause issues when using some plugins.
[15:59:11] [Server thread/INFO]: 222: If you encounter any issues please use the /stop command to restart your server.
[15:59:11] [Server thread/INFO]: Using 4 threads for Netty based IO
[15:59:11] [Server thread/INFO]: Server Ping Player Sample Count: 12
[15:59:11] [Server thread/INFO]: [DTWT] Disabling DTWT v1.0-SNAPSHOT
[15:59:11] [Server thread/INFO]: [DTWT] disabled.
[15:59:12] [Server thread/INFO]: Loaded 7 recipes
[15:59:12] [Server thread/INFO]: [SpigotLibraryLoader] [DTWT] Loading 1 libraries... please wait
[15:59:12] [Server thread/INFO]: [SpigotLibraryLoader] [DTWT] Loaded library /Users/nanami/Developer/donttapwhitetile/server/libraries/org/jetbrains/kotlin/kotlin-stdlib/1.9.0/kotlin-stdlib-1.9.0.jar
[15:59:12] [Server thread/INFO]: [SpigotLibraryLoader] [DTWT] Loaded library /Users/nanami/Developer/donttapwhitetile/server/libraries/org/jetbrains/kotlin/kotlin-stdlib-common/1.9.0/kotlin-stdlib-common-1.9.0.jar
[15:59:12] [Server thread/INFO]: [SpigotLibraryLoader] [DTWT] Loaded library /Users/nanami/Developer/donttapwhitetile/server/libraries/org/jetbrains/annotations/13.0/annotations-13.0.jar
[15:59:12] [Server thread/INFO]: [DTWT] Loading server plugin DTWT v1.0-SNAPSHOT
[15:59:12] [Server thread/INFO]: Server permissions file permissions.yml is empty, ignoring it
[15:59:12] [Server thread/INFO]: [DTWT] Enabling DTWT v1.0-SNAPSHOT
[15:59:12] [Server thread/INFO]: [DTWT]  enabled.
[15:59:12] [Server thread/INFO]: 222: Reload complete.
[15:59:12] [Server thread/INFO]: Timings Reset
[16:44:44] [Server thread/INFO]: Player1 lost connection: Disconnected
[16:44:44] [Server thread/INFO]: Player1 left the game
[18:05:11] [Server thread/INFO]: 222 lost connection: Disconnected
[18:05:11] [Server thread/INFO]: 222 left the game
[19:47:24] [Server thread/INFO]: Stopping server
[19:47:24] [Server thread/INFO]: [DTWT] Disabling DTWT v1.0-SNAPSHOT
[19:47:24] [Server thread/INFO]: [DTWT] disabled.
[19:47:24] [Server thread/INFO]: Saving players
[19:47:24] [Server thread/INFO]: Saving worlds
[19:47:24] [Server thread/INFO]: Saving chunks for level 'ServerLevel[world]'/minecraft:overworld
[19:47:24] [Server thread/INFO]: [ChunkHolderManager] Waiting 60s for chunk system to halt for world 'world'
[19:47:24] [Server thread/INFO]: [ChunkHolderManager] Halted chunk system for world 'world'
[19:47:24] [Server thread/INFO]: [ChunkHolderManager] Saving all chunkholders for world 'world'
[19:47:24] [Server thread/INFO]: [ChunkHolderManager] Saved 2 block chunks, 110 entity chunks, 0 poi chunks in world 'world' in 0.02s
[19:47:24] [Server thread/INFO]: ThreadedAnvilChunkStorage (world): All chunks are saved
[19:47:24] [Server thread/INFO]: Saving chunks for level 'ServerLevel[world_nether]'/minecraft:the_nether
[19:47:24] [Server thread/INFO]: [ChunkHolderManager] Waiting 60s for chunk system to halt for world 'world_nether'
[19:47:24] [Server thread/INFO]: [ChunkHolderManager] Halted chunk system for world 'world_nether'
[19:47:24] [Server thread/INFO]: [ChunkHolderManager] Saving all chunkholders for world 'world_nether'
[19:47:24] [Server thread/INFO]: [ChunkHolderManager] Saved 0 block chunks, 25 entity chunks, 0 poi chunks in world 'world_nether' in 0.00s
[19:47:24] [Server thread/INFO]: ThreadedAnvilChunkStorage (DIM-1): All chunks are saved
[19:47:24] [Server thread/INFO]: Saving chunks for level 'ServerLevel[world_the_end]'/minecraft:the_end
[19:47:24] [Server thread/INFO]: [ChunkHolderManager] Waiting 60s for chunk system to halt for world 'world_the_end'
[19:47:24] [Server thread/INFO]: [ChunkHolderManager] Halted chunk system for world 'world_the_end'
[19:47:24] [Server thread/INFO]: [ChunkHolderManager] Saving all chunkholders for world 'world_the_end'
[19:47:24] [Server thread/INFO]: [ChunkHolderManager] Saved 10 block chunks, 10 entity chunks, 0 poi chunks in world 'world_the_end' in 0.00s
[19:47:24] [Server thread/INFO]: ThreadedAnvilChunkStorage (DIM1): All chunks are saved
[19:47:24] [Server thread/INFO]: ThreadedAnvilChunkStorage: All dimensions are saved
[19:47:24] [Server thread/INFO]: Flushing Chunk IO
[19:47:24] [Server thread/INFO]: Closing Thread Pool
[19:47:24] [Server thread/INFO]: Closing Server
